<?xml version="1.0" encoding="UTF-8"?>
<!-- Generated by org.testng.reporters.JUnitReportReporter -->
<testsuite hostname="Kanchanas-MacBook-Air.local" failures="0" tests="10" name="Parallel.ParallelRun" time="652.803" errors="0" timestamp="2023-12-14T20:19:41 IST" skipped="0">
  <testcase classname="Parallel.ParallelRun" name="runScenario" time="28.950"/>
  <testcase classname="Parallel.ParallelRun" name="runScenario" time="4.995"/>
  <testcase classname="Parallel.ParallelRun" name="runScenario" time="367.054"/>
  <testcase classname="Parallel.ParallelRun" name="runScenario" time="10.947"/>
  <testcase classname="Parallel.ParallelRun" name="runScenario" time="94.431"/>
  <testcase classname="Parallel.ParallelRun" name="runScenario" time="5.604"/>
  <testcase classname="Parallel.ParallelRun" name="runScenario" time="4.964"/>
  <testcase classname="Parallel.ParallelRun" name="runScenario" time="55.929"/>
  <testcase classname="Parallel.ParallelRun" name="runScenario" time="23.836"/>
  <testcase classname="Parallel.ParallelRun" name="runScenario" time="56.093"/>
</testsuite> <!-- Parallel.ParallelRun -->
